<?xml version="1.0" encoding="UTF-8"?>
<!-- Generated by org.testng.reporters.JUnitReportReporter -->
<testsuite hostname="LAPTOP-VKAG1RPA" failures="0" tests="4" name="com.extraPOSTest.testCases.inventory.maintenance.TC_UoM" time="17.219" errors="0" timestamp="2021-03-11T18:47:49 IST" skipped="1">
  <testcase classname="com.extraPOSTest.testCases.inventory.maintenance.TC_UoM" name="selectALL_forUomCode" time="5.170"/>
  <system-out/>
  <testcase classname="com.extraPOSTest.testCases.inventory.maintenance.TC_UoM" name="createUomCode" time="6.132"/>
  <system-out/>
  <testcase classname="com.extraPOSTest.testCases.inventory.maintenance.TC_UoM" name="createUomCode" time="5.917"/>
  <system-out/>
  <testcase classname="com.extraPOSTest.testCases.inventory.maintenance.TC_UoM" name="searchUom">
    <skipped/>
  </testcase> <!-- searchUom -->
  <system-out/>
</testsuite> <!-- com.extraPOSTest.testCases.inventory.maintenance.TC_UoM -->
